<?xml version="1.0" encoding="UTF-8"?>
<!-- Generated by org.testng.reporters.JUnitReportReporter -->
<testsuite hostname="DESKTOP-7FHCBAL" failures="0" tests="1" name="testsCases.FileUploasDemo2" time="9.127" errors="0" timestamp="25 Nov 2021 18:43:16 GMT">
  <testcase classname="testsCases.FileUploasDemo2" name="robTest" time="9.127"/>
</testsuite> <!-- testsCases.FileUploasDemo2 -->
